<?xml version="1.0" encoding="UTF-8"?>
<!-- Generated by org.testng.reporters.JUnitXMLReporter -->
<testsuite ignored="0" hostname="DESKTOP-519FNC2" failures="1" tests="2" name="jupitertoystestRegression1" time="8.784" errors="0" timestamp="2022-12-07T23:25:21 AEDT">
  <testcase classname="com.myexamples.Tests.LoginTest" name="loginFailValidation" time="0.4">
    <failure type="org.junit.ComparisonFailure" message="expected:&amp;lt;test[sss]&amp;gt; but was:&amp;lt;test[]&amp;gt;">
      <![CDATA[org.junit.ComparisonFailure: expected:<test[sss]> but was:<test[]>
at org.junit.Assert.assertEquals(Assert.java:115)
at org.junit.Assert.assertEquals(Assert.java:144)
at com.myexamples.Tests.LoginTest.loginFailValidation(LoginTest.java:52)
at java.base/java.util.ArrayList.forEach(ArrayList.java:1511)
... Removed 31 stack frames]]>
    </failure>
  </testcase> <!-- loginFailValidation -->
  <testcase classname="com.myexamples.Tests.LoginTest" name="loginValidation" time="0.36"/>
</testsuite> <!-- jupitertoystestRegression1 -->
