<?xml version="1.0" encoding="UTF-8"?>
<testng-results ignored="0" total="2" passed="1" failed="1" skipped="0">
  <reporter-output>
    <line>
      <![CDATA[Filling the login details]]>
    </line>
    <line>
      <![CDATA[Filling the login details]]>
    </line>
  </reporter-output>
  <suite started-at="2022-12-07T23:25:12 AEDT" name="Regression" finished-at="2022-12-07T23:25:21 AEDT" duration-ms="8784">
    <groups>
    </groups>
    <test started-at="2022-12-07T23:25:12 AEDT" name="jupitertoystestRegression1" finished-at="2022-12-07T23:25:21 AEDT" duration-ms="8784">
      <class name="com.myexamples.Tests.LoginTest">
        <test-method is-config="true" signature="launchBrowser()[pri:0, instance:com.myexamples.Tests.LoginTest@31c88ec8]" started-at="2022-12-07T23:25:12 AEDT" name="launchBrowser" finished-at="2022-12-07T23:25:16 AEDT" duration-ms="4199" status="PASS">
          <reporter-output>
          </reporter-output>
        </test-method> <!-- launchBrowser -->
        <test-method signature="loginFailValidation()[pri:0, instance:com.myexamples.Tests.LoginTest@31c88ec8]" started-at="2022-12-07T23:25:16 AEDT" name="loginFailValidation" finished-at="2022-12-07T23:25:17 AEDT" duration-ms="400" status="FAIL">
          <exception class="org.junit.ComparisonFailure">
            <message>
              <![CDATA[expected:<test[sss]> but was:<test[]>]]>
            </message>
            <full-stacktrace>
              <![CDATA[org.junit.ComparisonFailure: expected:<test[sss]> but was:<test[]>
at org.junit.Assert.assertEquals(Assert.java:115)
at org.junit.Assert.assertEquals(Assert.java:144)
at com.myexamples.Tests.LoginTest.loginFailValidation(LoginTest.java:52)
at java.base/jdk.internal.reflect.NativeMethodAccessorImpl.invoke0(Native Method)
at java.base/jdk.internal.reflect.NativeMethodAccessorImpl.invoke(NativeMethodAccessorImpl.java:77)
at java.base/jdk.internal.reflect.DelegatingMethodAccessorImpl.invoke(DelegatingMethodAccessorImpl.java:43)
at java.base/java.lang.reflect.Method.invoke(Method.java:568)
at org.testng.internal.invokers.MethodInvocationHelper.invokeMethod(MethodInvocationHelper.java:139)
at org.testng.internal.invokers.TestInvoker.invokeMethod(TestInvoker.java:677)
at org.testng.internal.invokers.TestInvoker.invokeTestMethod(TestInvoker.java:221)
at org.testng.internal.invokers.MethodRunner.runInSequence(MethodRunner.java:50)
at org.testng.internal.invokers.TestInvoker$MethodInvocationAgent.invoke(TestInvoker.java:962)
at org.testng.internal.invokers.TestInvoker.invokeTestMethods(TestInvoker.java:194)
at org.testng.internal.invokers.TestMethodWorker.invokeTestMethods(TestMethodWorker.java:148)
at org.testng.internal.invokers.TestMethodWorker.run(TestMethodWorker.java:128)
at java.base/java.util.ArrayList.forEach(ArrayList.java:1511)
at org.testng.TestRunner.privateRun(TestRunner.java:806)
at org.testng.TestRunner.run(TestRunner.java:601)
at org.testng.SuiteRunner.runTest(SuiteRunner.java:433)
at org.testng.SuiteRunner.runSequentially(SuiteRunner.java:427)
at org.testng.SuiteRunner.privateRun(SuiteRunner.java:387)
at org.testng.SuiteRunner.run(SuiteRunner.java:330)
at org.testng.SuiteRunnerWorker.runSuite(SuiteRunnerWorker.java:52)
at org.testng.SuiteRunnerWorker.run(SuiteRunnerWorker.java:95)
at org.testng.TestNG.runSuitesSequentially(TestNG.java:1256)
at org.testng.TestNG.runSuitesLocally(TestNG.java:1176)
at org.testng.TestNG.runSuites(TestNG.java:1099)
at org.testng.TestNG.run(TestNG.java:1067)
at org.apache.maven.surefire.testng.TestNGExecutor.run(TestNGExecutor.java:283)
at org.apache.maven.surefire.testng.TestNGXmlTestSuite.execute(TestNGXmlTestSuite.java:75)
at org.apache.maven.surefire.testng.TestNGProvider.invoke(TestNGProvider.java:120)
at org.apache.maven.surefire.booter.ForkedBooter.runSuitesInProcess(ForkedBooter.java:377)
at org.apache.maven.surefire.booter.ForkedBooter.execute(ForkedBooter.java:138)
at org.apache.maven.surefire.booter.ForkedBooter.run(ForkedBooter.java:465)
at org.apache.maven.surefire.booter.ForkedBooter.main(ForkedBooter.java:451)
]]>
            </full-stacktrace>
          </exception> <!-- org.junit.ComparisonFailure -->
          <reporter-output>
            <line>
              <![CDATA[Filling the login details]]>
            </line>
          </reporter-output>
        </test-method> <!-- loginFailValidation -->
        <test-method is-config="true" signature="quitBrowser()[pri:0, instance:com.myexamples.Tests.LoginTest@31c88ec8]" started-at="2022-12-07T23:25:17 AEDT" name="quitBrowser" finished-at="2022-12-07T23:25:17 AEDT" duration-ms="353" status="PASS">
          <reporter-output>
          </reporter-output>
        </test-method> <!-- quitBrowser -->
        <test-method is-config="true" signature="launchBrowser()[pri:0, instance:com.myexamples.Tests.LoginTest@31c88ec8]" started-at="2022-12-07T23:25:17 AEDT" name="launchBrowser" finished-at="2022-12-07T23:25:20 AEDT" duration-ms="3166" status="PASS">
          <reporter-output>
          </reporter-output>
        </test-method> <!-- launchBrowser -->
        <test-method signature="loginValidation()[pri:0, instance:com.myexamples.Tests.LoginTest@31c88ec8]" started-at="2022-12-07T23:25:20 AEDT" name="loginValidation" finished-at="2022-12-07T23:25:21 AEDT" duration-ms="360" status="PASS">
          <reporter-output>
            <line>
              <![CDATA[Filling the login details]]>
            </line>
          </reporter-output>
        </test-method> <!-- loginValidation -->
        <test-method is-config="true" signature="quitBrowser()[pri:0, instance:com.myexamples.Tests.LoginTest@31c88ec8]" started-at="2022-12-07T23:25:21 AEDT" name="quitBrowser" finished-at="2022-12-07T23:25:21 AEDT" duration-ms="243" status="PASS">
          <reporter-output>
          </reporter-output>
        </test-method> <!-- quitBrowser -->
      </class> <!-- com.myexamples.Tests.LoginTest -->
    </test> <!-- jupitertoystestRegression1 -->
  </suite> <!-- Regression -->
</testng-results>
