-------------------------------------------------------------------------------
Test set: TestSuite
-------------------------------------------------------------------------------
Tests run: 2, Failures: 1, Errors: 0, Skipped: 0, Time elapsed: 9.611 s <<< FAILURE! - in TestSuite
com.myexamples.Tests.LoginTest.loginFailValidation  Time elapsed: 0.403 s  <<< FAILURE!
org.junit.ComparisonFailure: expected:<test[sss]> but was:<test[]>
	at com.myexamples.Tests.LoginTest.loginFailValidation(LoginTest.java:52)

